# USAGE: the intent of this file is to keep track of current
# regressions and to keep notes about why they are failing.
#
# Each category represents a Cron run that we perform nightly and mail
# to chapel-test-results-all (and chapel-test-results-regressions if
# anything unusual happened).  The label for each category should
# match the unique ID for that testing configuration.  In some cases,
# categories will have a wildcard name such as 'gasnet*' or 'x?-wb.*'
# implying that they are an abstract category for all configurations
# that match that pattern.  In the past we have used specific testing
# instances (like 'gasnet-everything') for such purposes, but in
# practice there often isn't a test configuration that serves as a
# good root for the purposes of inheriting errors.
#
# There is an informal hierarchy embedded in this file in order to try
# and reduce redundancy in which each suite is marked as inheriting
# from one or more other suites.  For example, if "hello.chpl" fails
# everywhere, it should only be noted in "general regressions" (the
# root of the hierarchy) and not in every configuration.  Similarly,
# if something fails for every gasnet configuration, it can be listed
# in 'gasnet*' which forms the root of the logical gasnet sub-tree.
#
# Ultimately, the hope is to do more of this filtering and
# categorization automatically, but for the time being it is manual
# and rotated among members of the core Chapel team.  Periodically,
# all failures in a test suite should be compared against what's in
# this file to ensure that they match.  The last time that this full
# review was done is marked in the "Reviewed" slot in the header of
# the category.
#
# Each regression itself should be marked with a brief (one-line)
# description of why the failure is occurring, the date on which the
# failure occurred, and the owner.  All new issues should be assigned
# an owner; some historical ones may have escaped being assigned one.
#
# In some cases, more extensive notes may be in order, but this file
# should lean towards being spare (for the purposes of maintenance).
# The project's pivotal task tracker should be used to store notes
# on any given failure mode or story.
#
# At the bottom of each category is a list of "sporadic" failures
# that come and go at different times.  These are followed by a
# list of dates for when a "new failure" was reported.  If a test
# has not failed in a month, it can probably be removed from this
# list.
#
# The status of failing future tests is detailed in ../STATUS.devel


===================
general
Reviewed 2015-02-17
===================

Sporadic compiler issue. (brad)
---> Brad committed fix on 2015-02-17
Appears to be non-deterministic issue when building compiler
pgi: "PGC-W-0205-Argument mismatch for assert"
gnu: "error: macro "assert" passed 3 arguments, but takes just 1"
intel: ""
(xe-wb.prgenv-pgi on 2015-01-29, xe-wb.prgenv-intel, smoke test whitebox, numa on 2015-02-14)
---------------------------------------------------------------------------------------------
All tests fail with: [Error matching compiler output for ...]


===================
linux64
Inherits 'general'
Reviewed 2015-02-17
===================


===================
*32
Inherits 'general'
Reviewed 2015-02-17
===================

Seg fault First run 2014-12-07
------------------------------
[Error matching compiler output for users/vass/type-tests.isSubtype]

memmax/memthreshold flags are C types; should be Chapel types (2014-11-12)
--------------------------------------------------------------------------
[Error matching program output for execflags/ferguson/help2]
[Error matching program output for execflags/shannon/configs/help/configVar-Dash]
[Error matching program output for execflags/shannon/configs/help/configVarHelp]
[Error matching program output for execflags/shannon/configs/help/configVarModStrings1]
[Error matching program output for execflags/shannon/configs/help/configVarModStrings2]
[Error matching program output for execflags/shannon/configs/help/configVarSetOver]
[Error matching program output for execflags/shannon/configs/help/configVarSetTwoTypes]
[Error matching program output for execflags/shannon/configs/help/configVarTwoModules]
[Error matching program output for execflags/shannon/configs/help/varNameEnumQM]
[Error matching program output for execflags/shannon/configs/help/varNameQMark]
[Error matching program output for execflags/shannon/help]
[Error matching program output for memory/shannon/memmaxIntOnly]

different amounts of memory leaked on 32-bit platforms (2014-11-12, first run)
------------------------------------------------------------------------------
[Error matching program output for memory/sungeun/refCount/domainMaps]

prefetch instruction not found (2014-11-12, first run)
------------------------------------------------------
[Error matching program output for modules/standard/Prefetch/prefetch (compopts: 1)]

some sort of 64-bit assertion fails (2014-11-12, first run)
-----------------------------------------------------------
[Error matching program output for optimizations/cache-remote/ferguson/c_tests/chpl-cache-support-test (compopts: 1)]

GMP [u]int(64)/32-bit c_[u]long mismatches (since first run, 2014-11-12)
------------------------------------------------------------------------
[Error matching compiler output for modules/standard/gmp/ferguson/gmp_dist_array]
[Error matching compiler output for modules/standard/gmp/ferguson/gmp_random]
[Error matching compiler output for modules/standard/gmp/ferguson/gmp_test]
[Error matching compiler output for modules/standard/gmp/ferguson/gmp_writeln]
[Error matching compiler output for modules/standard/gmp/studies/gmp-chudnovsky (compopts: 1)]
[Error matching compiler output for studies/shootout/pidigits/hilde/pidigits-hilde]
[Error matching compiler output for studies/shootout/pidigits/thomasvandoren/pidigits-BigInt]
[Error matching compiler output for studies/shootout/pidigits/thomasvandoren/pidigits-ledrug-BigInt]


===================
linux32
Inherits '*32'
Reviewed 2015-02-17
===================

timeout (2015-02-05, first run) - (elliot/michael)
--------------------------------------------------
[Error Timed out executing regexp test ./regexp_channel_test Regexp Channels Test]
[Error Timed out executing regexp test ./regexp_test Regexp Test]


===================
darwin
Inherits 'general'
Reviewed 2015-02-17
===================

Email on chapelmac was not sending through 2015-02-17.
--> Should be fixed on 2015-02-18


===================
gnu.darwin
Inherits 'darwin'
Reviewed 2015-02-17
===================


===================
perf*
Inherits 'general'
Reviewed 2015-02-17
===================


===================
perf.bradc-lnx
Inherits 'perf*'
Reviewed 2015-02-15
===================

bradc-lnx crashed 2015-02-16.

consistent failure due to insane memory usage (should get better with strings)
------------------------------------------------------------------------------
[Error matching performance keys for io/vass/time-write (compopts: 1)] (2014-11-01)
[Error matching performance keys for studies/shootout/fasta/kbrady/fasta-lines]


===================
perf.chap03
Inherits 'perf*'
Reviewed 2015-02-17
===================

consistent failure due to insane memory usage (should get better with strings)
------------------------------------------------------------------------------
[Error matching performance keys for studies/shootout/fasta/kbrady/fasta-lines]


===================
perf.chap04
Inherits 'perf*'
Reviewed 2015-02-17
===================


======================
perf.chap04.playground
Inherits 'perf.chap04'
Reviewed 2015-02-17
======================

Currently running array slicing testing for Brad, Elliot. There are
regressions, but they should be ignored until further notice from Elliot.


====================
perf.chapel-shootout
Inherits 'perf*'
Reviewed 2015-02-17
====================

Email on chapel-shoout system was not sending through 2015-02-17.
--> Should be fixed on 2015-02-18

consistent failure due to insane memory usage (should get better with strings)
------------------------------------------------------------------------------
[Error matching performance keys for studies/shootout/fasta/kbrady/fasta-lines]


===================
fast
Inherits 'general'
Reviewed 2015-02-17
===================


===================
memleaks.examples
Inherits 'general'
Reviewed 2015-02-17
===================


============================
memleaks
Inherits 'memleaks.examples'
Reviewed 2015-02-17
============================


===================
verify
Inherits 'general'
Reviewed 2015-02-17
===================


===================
valgrind
Inherits 'general'
Reviewed 2015-02-23
===================

> ==15313== Conditional jump or move depends on uninitialised value(s)
Related to failure under cygwin32.  Lydia is investigating.
----------------------------------------------------------------------
[Error matching compiler output for chpldoc/compflags/comment/loseComments (compopts: 1)]

conditional jump depends on uninitialized value (2014-04-08 -- since re2 on)
----------------------------------------------------------------------------
[Error matching program output for io/tzakian/recordReader/test]
[Error matching program output for regexp/ferguson/rechan]

continual compilation timeouts
------------------------------
[Error: Timed out compilation for functions/iterators/vass/yield-arrays-var-nonvar]
[Error: Timed out compilation for functions/iterators/vass/standaloneForallIntents] (first seen 2015-01-20)


=== sporadic failures below ===

sporadic invalid write of size 8 in dl_lookup_symbol->do_lookup_x,
read of size 8 in dl_name_match_p
-----------------------------------------------------------------------------
[Error matching program output for performance/sungeun/dgemm] (2014-11-16..2014-11-26, 2014-11-29..2015-01-05, 2015-01-12..)
[Error matching program output for studies/sudoku/dinan/sudoku] (2015-01-30..2015-02-18, 2015-02-20)

sporadic compilation timeouts
---------------------------------
[Error: Timed out compilation for distributions/dm/t5a (2015-01-26)]

sporadic execution timeout
--------------------------
[Error: Timed out executing program domains/sungeun/assoc/stress (compopts: 1, execopts: 2) (2015-01-27)]
[Error: Timed out executing program domains/sungeun/assoc/stress.numthr (compopts: 1, execopts: 2)] (2015-02-20)


===================
llvm
Inherits 'general'
Reviewed 2015-02-18
===================

relies on macro in gmp.h -- not expected to work without effort (2014-09-18)
----------------------------------------------------------------------------
[Error matching compiler output for release/examples/benchmarks/shootout/pidigits]


===================
fifo
Inherits 'general'
Reviewed 2015-02-17
===================


===================
numa
Inherits 'general'
Reviewed 2015-02-17
===================


===================
no-local
Inherits 'general'
Reviewed 2015-02-17
===================


=================================
no-local.linux32
Inherits 'linux32' and 'no-local'
Reviewed 2015-02-17
=================================


===================
gasnet*
Inherits 'no-local'
Reviewed 2015-02-17
===================

=== sporadic failures below ===

sporadic failures even after Sung quieted it down (frequently -- gbt/diten)
 - see "gasnet+fifo: types/string/StringImpl/memLeaks/coforall.chpl" thread for details
 - frequent for gasnet.fifo, infrequent for gasnet-fast, very infrequent for gasnet-everything
---------------------------------------------------------------------------
[Error matching program output for types/string/StringImpl/memLeaks/coforall] (2014-10-23..2014-11-30, ..., 2015-01-26, 2015-02-10)

execution timeout
(happens on: gasnet.fifo, gasnet-fast)
---------------------------------------------------
[Error: Timed out executing program studies/madness/aniruddha/madchap/test_likepy] (2015-02-15, 2015-02-17)



===================
gasnet-everything
Inherits 'gasnet*'
Reviewed 2015-02-16
===================


=== sporadic failures below ===

sporadic execution timeout
--------------------------
[Error: Timed out executing program performance/ferguson/remote-tuple-write] (2015-01-23..2015-01-26)


===================
gasnet-fast
Inherits 'gasnet*'
Reviewed 2015-02-17
===================


=== sporadic failures below ===

Segfault (2015-02-22)
---------------------
[Error matching program output for multilocale/deitz/needMultiLocales/test_remote_file_read]

sporadic execution timeout (regularly)
--------------------------------------
[Error: Timed out executing program studies/sudoku/dinan/sudoku] (2014-11-01, 2014-11-06, 2014-12-18, 2015-01-02)


===============================
gasnet.darwin
Inherits 'darwin' and 'gasnet*'
Reviewed 2015-02-17
===============================


=============================
gasnet.fifo
Inherits 'gasnet*' and 'fifo'
Reviewed 2015-02-17
=============================

=== sporadic failures below ===

sporadic execution timeouts (frequent)
--------------------------------------
[Error: Timed out executing program studies/madness/aniruddha/madchap/test_gaxpy] (2014-10-19, 2014-10-24, 2014-11-11, 2014-11-13, 2014-12-13, 2014-12-15, 2015-01-07, 2015-01-09, 2015-01-25, 2015-02-08)

Elliot - I'll take a look at it to see if it makes sense to add a .timeout to it
until we start running on real harware.
--------------------------------------------------------------------------------
[Error: Timed out executing program optimizations/bulkcomm/alberto/Block/2dDRtoBDTest] (2015-02-10)


=============================
gasnet.llvm
Inherits 'gasnet*' and 'llvm'
Reviewed 2015-02-17
=============================


=============================
gasnet.numa
Inherits 'gasnet*' and 'numa'
Reviewed 2015-02-17
=============================


===================
x?-wb.*
Inherits 'general'
Reviewed 2015-02-17
===================

Compilation timeout (2015-02-17)
Normally takes ~10s to compile. Started timing out (300s) on 2015-02-17.
(happened on: xe-wb.prgenv-gnu, xe-wb.prgenv-pgi, xc-wb.prgenv-pgi)
--------------------------------------------------------------------------------
[Error: Timed out compilation for compflags/bradc/html/testit (compopts: 1)]


=== sporadic failures below ===

something going wrong with reservedSymbolNames causes reserved names to show up in generated code.
--------------------------------------------------------------------------------------------------
All tests fail when this happens (xc-wb.host.prgenv-pgi 2015-01-08, xc-wb.prgenv-pgi 2015-01-16, xc-wb.prgenv-pgi 2015-01-21, xc-wb.prgenv-gnu 2015-01-22, xc-wb.intel 2015-01-30)

Sporadic compilation timeouts
-----------------------------
[Error: Timed out compilation for arrays/bradc/arrOfDom/arrOfDom2] (xe-wb.gnu 2015-01-20)
[Error: Timed out compilation for arrays/bradc/intuintarr] (xe-wb.prgenv-cray 2015-01-16)
[Error: Timed out compilation for arrays/bradc/localSlices/nonlocalslice] (xe-wb.prgenv-intel 2015-01-15)
[Error: Timed out compilation for arrays/bradc/paulslice] (xe-wb.pgi 2015-01-20)
[Error: Timed out compilation for arrays/bradc/slices/outOfBoundsSlice] (xe-wb.prgenv-pgi 2015-01-15, 2015-02-22)
[Error: Timed out compilation for arrays/bradc/sliceViaSingleton3d] (xe-wb.intel 2015-01-20, xe-wb.prgenv-pgi 2015-02-22)
[Error: Timed out compilation for arrays/claridge/arraySizeMismatch] (xe-wb.prgenv-cray 2015-01-07)
[Error: Timed out compilation for arrays/marybeth/CMO_array] (xe-wb.intel 2015-01-22)

sporadic execution timeouts
---------------------------
[Error: Timed out executing program studies/shootout/nbody/sidelnik/nbody_rangesub_5] (xe-wb.pgi 2015-01-22)
[Error: Timed out executing program studies/shootout/nbody/sidelnik/nbody_vector_4] (xe-wb.prgenv-pgi 2015-01-22)
[Error: Timed out executing program execflags/bradc/gdbddash/gdbSetConfig] (xc-wb.pgi, xc-wb.prgenv-gnu 2015-02-15; xc-wb.prgenv-intel 2015-02-17; xc-wb.prgenv-gnu 2015-02-22)


==================
*prgenv-*
Inherits 'general'
Reviewed 2015-02-17
===================


====================
*prgenv-cray*
Inherits '*prgenv-*'
Reviewed 2015-02-20
====================

Execution timeout on 2015-02-15..
-------------------------------
[Error: Timed out executing program performance/compiler/bradc/cg-sparse-timecomp (compopts: 1)]

An invalid option "openmp" appears on the command line. (2014-11-17 -- thomas/ben/et al)
----------------------------------------------------------------------------------------
[Error matching compiler output for studies/colostate/OMP-Jacobi-1D-Naive-Parallel (compopts: 1)]
[Error matching compiler output for studies/colostate/OMP-Jacobi-1D-Sliced-Diamond-Tiling (compopts: 1)]
[Error matching compiler output for studies/colostate/OMP-Jacobi-2D-Naive-Parallel (compopts: 1)]
[Error matching compiler output for studies/colostate/OMP-Jacobi-2D-Sliced-Diamond-Tiling (compopts: 1)]

value is outside of the int range in C compilation (2012-03-??..)
-------------------------------------------------------------
[Error matching compiler output for types/enum/ferguson/enum_mintype_test]

filenames get printed by C compiler when multiple .c files are specified in one command (..)
---------------------------------------------------------------------------------------
[Error matching program output for modules/standard/BitOps/c-tests/bitops (compopts: 1)]
[Error matching program output for modules/standard/BitOps/c-tests/bitops (compopts: 2)]
[Error matching program output for modules/standard/BitOps/c-tests/clz (compopts: 1)]
[Error matching program output for modules/standard/BitOps/c-tests/clz (compopts: 2)]
[Error matching program output for modules/standard/BitOps/c-tests/ctz (compopts: 1)]
[Error matching program output for modules/standard/BitOps/c-tests/ctz (compopts: 2)]
[Error matching program output for modules/standard/BitOps/c-tests/performance/32/bitops-32 (compopts: 1)]
[Error matching program output for modules/standard/BitOps/c-tests/performance/32/bitops-32 (compopts: 2)]
[Error matching program output for modules/standard/BitOps/c-tests/performance/64/bitops-64 (compopts: 1)]
[Error matching program output for modules/standard/BitOps/c-tests/performance/64/bitops-64 (compopts: 2)]
[Error matching program output for modules/standard/BitOps/c-tests/popcount (compopts: 1)]
[Error matching program output for modules/standard/BitOps/c-tests/popcount (compopts: 2)]

unexpected compiler output (listing the source files) (2014-07-23..)
------------------------------------------------------------------
[Error matching program output for optimizations/cache-remote/ferguson/c_tests/chpl-cache-support-test (compopts: 1)]
gbt is working on getting rid of this

error differs but within acceptable margin; should squash error printing (..)
------------------------------------------------------------------------
[Error matching program output for studies/hpcc/FFT/marybeth/fft]


=== sporadic failures below ===

sporadic dropping/mangling of output
------------------------------------
[Error matching program output for classes/bradc/arrayInClass/arrayOfArithInClass] (2015-01-12..2015-01-19)
[Error matching program output for classes/bradc/arrayInClass/genericArrayInClass-arith] (2014-12-25..2015-01-08)
[Error matching program output for distributions/dm/t5a] (2015-01-23)
[Error matching program output for distributions/deitz/exBlockExample/block2D] (2015-01-21..2015-01-29)
[Error matching program output for distributions/robust/arithmetic/collapsing/test_domain_rank_change1] (2014-10-24)
[Error matching program output for domains/sungeun/assoc/index_not_in_domain_2 (compopts: 2)] (2014-11-13)
[Error matching program output for functions/diten/refIntents] (2014-09-30)
[Error matching program output for functions/iterators/bradc/leadFollow/localfollow2 (compopts: 1)] (2014-10-07)
[Error matching program output for multilocale/diten/nolocalArgDefaultGlobal/fieldDefaultGlobalRecordMember] (2014-12-16)
[Error matching program output for optimizations/sungeun/RADOpt/access1d (compopts: 1)] (2014-10-10)
[Error matching program output for release/examples/benchmarks/ssca2/SSCA2_main (compopts: 5, execopts: 1)] (2014-10-03)
[Error matching program output for release/examples/primers/arrays] (2014-10-03)
[Error matching program output for studies/cholesky/jglewis/version2/elemental/test_elemental_cholesky] (2015-01-14)
[Error matching program output for studies/hpcc/STREAMS/bradc/stream-fragmented-timecoforall (compopts: 1)] (2014-12-19)
[Error matching program output for studies/hpcc/STREAMS/diten/stream-fragmented-local (compopts: 1)] (2015-01-26..2015-02-01)
[Error matching program output for studies/shootout/nbody/sidelnik/nbody_orig_1] (2014-12-16)
[Error matching program output for studies/hpcc/STREAMS/bradc/stream-slice (compopts: 1)] (2015-02-08)

signal 11 (first seen ????-??-??)
---------------------------------
[Error matching program output for studies/590o/alaska/graph] ( ..2015-01-18, 2015-01-21..2015-02-01 )
[Error matching program output for reductions/thomasvandoren/test/TestCounts] (2015-01-23..2015-02-01)


=== Only fail with optimizer on (CCE bugs/not seen nightly since using -O0) ===

infinite loop warning (since filed?)
------------------------------------
[Error matching compiler output for statements/vass/while-const1]

signal 11 (first seen 2014-03-02) (Note resolved with CCE 8.3.8)
---------------------------------
[Error matching program output for release/examples/benchmarks/shootout/meteor-fast]
[Error matching program output for studies/shootout/meteor/kbrady/meteor-parallel-alt]


======================================
x?-wb.prgenv-cray
Inherits 'x?-wb.*' and '*prgenv-cray*'
Reviewed 2015-02-17
======================================


============================
x?-wb.host.prgenv-cray
Inherits 'x?-wb.prgenv-cray'
Reviewed 2015-02-20
============================

=== sporadic failures below ===

unresolved call in Types.chpl (2015-02-15, brad)
--> xe-wb.host.prgenv-cray passed on  2015-02-17 (fixed or fluke?)
Fluke: Failed again on 2015-02-19
$CHPL_HOME/modules/standard/Types.chpl:72: In function 'isIntType':
$CHPL_HOME/modules/standard/Types.chpl:73: error: unresolved call '||(0, 0)'
----------------------------------------------------------------------------
All tests fail to compile.

terminate called after throwing an instance of 'std::out_of_range' - happens when making the directory in which to place documentation
----------------------------------------------------------------------------------------------------------------------------------------------------------------
[Error matching compiler output for release/examples/primers/chpldoc (compopts: 1)] (2015-01-30)


"$CHPL_HOME/modules/internal/ChapelDistribution.chpl:65: error: unresolved call '(bool)'" (2015-01-19..2015-01-26)
------------------------------------------------------------------------------------------------------------------
all tests fail compilation

or "$CHPL_HOME/modules/internal/ChapelArray.chpl:2117: In function '='
$CHPL_HOME/modules/internal/ChapelArray.chpl:2119: error: unresolved call '(list(BaseArr))'" (2015-01-27..2015-01-28)
--------------------------------------------------------------------------------------------

for param loop in String.chpl --> "$CHPL_HOME/modules/internal/String.chpl:120: error: " (2015-02-11)
-----------------------------------------------------------------------------------------------------
all tests fail compilation


============================
xc-wb.prgenv-cray
Inherits 'x?-wb.prgenv-cray'
Reviewed 2015-02-22
============================

=== sporadic failures below ===

error: attempt to dereference nil (2015-01-18)
---------------------------------------------------------------------------
[Error matching compiler output for modules/standard/gmp/ferguson/gmp_dist_array]
[Error matching compiler output for modules/standard/gmp/ferguson/gmp_random]
[Error matching compiler output for modules/standard/gmp/ferguson/gmp_test]
[Error matching compiler output for modules/standard/gmp/ferguson/gmp_writeln]
[Error matching compiler output for studies/shootout/pidigits/thomasvandoren/pidigits-BigInt]
[Error matching compiler output for studies/shootout/pidigits/thomasvandoren/pidigits-ledrug-BigInt]

Missing output on stdout
-------------------------------------
[Error matching program output for modules/vass/SSCA2-with-Private-2] (2015-02-19)
[Error matching program output for users/hilde/refcnt] (2015-02-20)

Missing whitespace in output on stdout
--------------------------------------
[Error matching program output for reductions/waynew/reductions] (2015-02-19)


============================
xe-wb.prgenv-cray
Inherits 'x?-wb.prgenv-cray'
Reviewed 2015-02-22
============================

=== sporadic failures below ===

(2015-02-22)
------------------------------
[Error: Timed out compilation for arrays/bradc/reindex/reindex]

Missing output on stdout
-------------------------------------
[Error matching program output for modules/vass/SSCA2-with-Private-2] (2015-02-22)

Missing whitespace in output on stdout
--------------------------------------
[Error matching program output for reductions/waynew/reductions] (2015-02-22)


===================
*intel*
Inherits 'general'
Reviewed 2015-02-20
===================

test assertion failures (2014-09-21..)
------------------------------------------------
[Error matching program output for io/ferguson/io_test]
[Error matching program output for io/ferguson/writef_readf]

binary files differ (2014-09-21..)
--------------------------------------------
[Error matching program output for io/ferguson/writefbinary]
[Error matching program output for studies/parboil/SAD/sadSerial]


================================
x?-wb.intel
Inherits 'x?-wb.*' and '*intel*'
Reviewed 2015-02-17
================================


================================
x?-wb.prgenv-intel
Inherits 'x?-wb.*' and '*intel*'
Reviewed 2015-02-17
================================


=============================
x?-wb.host.prgenv-intel
Inherits 'x?-wb.prgenv-intel'
Reviewed 2015-02-23
=============================

=== sporadic issues ===

(2015-02-22)
------------------------------
[Error: Timed out compilation for release/examples/primers/arrays]


=======================
*gnu*
Inherits from 'linux64'
Reviewed 2015-02-17
=======================


==============================
x?-wb.gnu
Inherits 'x?-wb.*' and '*gnu*'
Reviewed 2015-02-17
==============================


==============================
x?-wb.prgenv-gnu
Inherits 'x?-wb.*' and '*gnu*'
Reviewed 2015-02-17
==============================


===========================
x?-wb.host.prgenv-gnu
Inherits 'x?-wb.prgenv-gnu'
Reviewed 2015-02-17
===========================


===================
*pgi*
Inherits 'general'
Reviewed 2015-02-20
===================

undefined reference to chpl_bitops_debruijn64
---------------------------------------------
[Error matching compiler output for optimizations/cache-remote/ferguson/c_tests/chpl-cache-support-test (compopts: 1)]

negative floating point 0.0 not supported
-----------------------------------------
[Error matching program output for types/complex/bradc/negateimaginary3]
[Error matching program output for types/complex/bradc/negativeimaginaryliteral]
[Error matching program output for types/file/bradc/scalar/floatcomplexexceptions]

consistent execution timeout (no intrinsics for pgi, test is slow with locks)
-----------------------------------------------------------------------------
[Error: Timed out executing program domains/sungeun/assoc/parSafeMember (compopts: 1)]


==============================
x?-wb.pgi
Inherits 'x?-wb.*' and '*pgi*'
Reviewed 2015-02-17
==============================


==============================
x?-wb.prgenv-pgi
Inherits 'x?-wb.*' and '*pgi*'
Reviewed 2015-02-17
==============================


===========================
x?-wb.host.prgenv-pgi
Inherits 'x?-wb.prgenv-pgi'
Reviewed 2015-02-17
===========================


===================
rhel.linux64
Inherits 'general'
Reviewed 2015-02-17
===================


===================
cygwin*
Inherits 'general'
Reviewed 2015-02-16
===================

check_channel assertion failure
-------------------------------
[Error matching C regexp test ./regexp_channel_test Regexp Channels Test]

QIO strcmp(got, expect) assertion error
---------------------------------------
[Error matching program output for io/ferguson/ctests/qio_formatted_test (compopts: 1)]

consistent execution timeout (frequent)
---------------------------------------
[Error: Timed out executing program studies/cholesky/jglewis/version2/performance/test_cholesky_performance (compopts: 1)] (..., 2014-12-01, 2015-01-05.. )


===========================
cygwin32
Inherits 'cygwin*' and '*32'
Reviewed 2015-02-20
===========================

Compiler segfault (2015-02-22)
Lydia is investigating.
------------------------------
[Error matching compiler output for chpldoc/compflags/comment/loseComments (compopts: 1)]

Generated output "FAILED" (see below for sporadic): First run 2014-12-07
------------------------------------------------------------------------
[Error matching program output for studies/colostate/OMP-Jacobi-1D-Naive-Parallel (compopts: 1)]
[Error matching program output for studies/colostate/OMP-Jacobi-2D-Naive-Parallel (compopts: 1)]

Consistent execution timouts
----------------------------
[Error: Timed out executing program io/ferguson/ctests/qio_test (compopts: 1)]


"got == expect[i]" assertion error
----------------------------------
[Error matching program output for io/ferguson/ctests/qio_bits_test (compopts: 1)]


=== sporadic failures below ===

sporadic generated output "FAILED" (see above for solid): First run 2014-12-07
------------------------------------------------------------------------------
[Error matching program output for studies/colostate/OMP-Jacobi-1D-Sliced-Diamond-Tiling (compopts: 1)] (2015-01-16..2015-01-19, 2015-01-21, 2015-01-25..2015-01-28, 2015-01-31..2015-02-18, 2015-02-20..)


================================
cygwin64
Inherits 'cygwin*' and 'linux64'
Reviewed 2015-02-16
================================

QIO qio_err_to_int() == EEOF assertion error
--------------------------------------------
[Error matching program output for io/ferguson/ctests/qio_test (compopts: 1)]


===================
baseline
Inherits 'general'
Reviewed 2015-02-17
===================

Dies with signal 6
------------------
[Error matching program output for studies/glob/test_glob (compopts: 1)] (Brad)


===================
dist-block
Inherits 'gasnet*'
Reviewed 2015-02-17
===================


===================
dist-cyclic
Inherits 'gasnet*'
Reviewed 2015-02-17
===================


=== sporadic failures below ===

sporadic execution timeout (very infrequent) (2014-11-04, 2015-01-18)
---------------------------------------------------------------------
[Error: Timed out executing program distributions/robust/arithmetic/kernels/hpl (compopts: 1)]
[Error: Timed out executing program distributions/robust/arithmetic/kernels/jacobi]


===================
dist-replicated
Inherits 'gasnet*'
Reviewed 2015-02-17
===================

